                                      1 ;--------------------------------------------------------
                                      2 ; File Created by SDCC : free open source ANSI-C Compiler
                                      3 ; Version 4.1.6 #12539 (MINGW32)
                                      4 ;--------------------------------------------------------
                                      5 	.module triangleMap
                                      6 	.optsdcc -mgbz80
                                      7 	
                                      8 ;--------------------------------------------------------
                                      9 ; Public variables in this module
                                     10 ;--------------------------------------------------------
                                     11 	.globl _triangleMapPLN1
                                     12 	.globl ___bank_triangleMapPLN01
                                     13 	.globl _triangleMapPLN0
                                     14 	.globl ___bank_triangleMapPLN0
                                     15 ;--------------------------------------------------------
                                     16 ; special function registers
                                     17 ;--------------------------------------------------------
                                     18 ;--------------------------------------------------------
                                     19 ; ram data
                                     20 ;--------------------------------------------------------
                                     21 	.area _DATA
                                     22 ;--------------------------------------------------------
                                     23 ; ram data
                                     24 ;--------------------------------------------------------
                                     25 	.area _INITIALIZED
                                     26 ;--------------------------------------------------------
                                     27 ; absolute external ram data
                                     28 ;--------------------------------------------------------
                                     29 	.area _DABS (ABS)
                                     30 ;--------------------------------------------------------
                                     31 ; global & static initialisations
                                     32 ;--------------------------------------------------------
                                     33 	.area _HOME
                                     34 	.area _GSINIT
                                     35 	.area _GSFINAL
                                     36 	.area _GSINIT
                                     37 ;--------------------------------------------------------
                                     38 ; Home
                                     39 ;--------------------------------------------------------
                                     40 	.area _HOME
                                     41 	.area _HOME
                                     42 ;--------------------------------------------------------
                                     43 ; code
                                     44 ;--------------------------------------------------------
                                     45 	.area _CODE_1
                                     46 	.area _CODE_1
                           000001    47 ___bank_triangleMapPLN0	=	0x0001
      000000                         48 _triangleMapPLN0:
      000000 00                      49 	.db #0x00	; 0
      000001 00                      50 	.db #0x00	; 0
      000002 01                      51 	.db #0x01	; 1
      000003 02                      52 	.db #0x02	; 2
      000004 02                      53 	.db #0x02	; 2
      000005 02                      54 	.db #0x02	; 2
      000006 02                      55 	.db #0x02	; 2
      000007 02                      56 	.db #0x02	; 2
      000008 02                      57 	.db #0x02	; 2
      000009 02                      58 	.db #0x02	; 2
      00000A 02                      59 	.db #0x02	; 2
      00000B 02                      60 	.db #0x02	; 2
      00000C 02                      61 	.db #0x02	; 2
      00000D 02                      62 	.db #0x02	; 2
      00000E 02                      63 	.db #0x02	; 2
      00000F 02                      64 	.db #0x02	; 2
      000010 02                      65 	.db #0x02	; 2
      000011 01                      66 	.db #0x01	; 1
      000012 00                      67 	.db #0x00	; 0
      000013 00                      68 	.db #0x00	; 0
      000014 00                      69 	.db #0x00	; 0
      000015 00                      70 	.db #0x00	; 0
      000016 03                      71 	.db #0x03	; 3
      000017 04                      72 	.db #0x04	; 4
      000018 05                      73 	.db #0x05	; 5
      000019 06                      74 	.db #0x06	; 6
      00001A 07                      75 	.db #0x07	; 7
      00001B 08                      76 	.db #0x08	; 8
      00001C 09                      77 	.db #0x09	; 9
      00001D 0A                      78 	.db #0x0a	; 10
      00001E 0B                      79 	.db #0x0b	; 11
      00001F 0C                      80 	.db #0x0c	; 12
      000020 0D                      81 	.db #0x0d	; 13
      000021 0B                      82 	.db #0x0b	; 11
      000022 0E                      83 	.db #0x0e	; 14
      000023 0F                      84 	.db #0x0f	; 15
      000024 10                      85 	.db #0x10	; 16
      000025 11                      86 	.db #0x11	; 17
      000026 00                      87 	.db #0x00	; 0
      000027 00                      88 	.db #0x00	; 0
      000028 00                      89 	.db #0x00	; 0
      000029 00                      90 	.db #0x00	; 0
      00002A 12                      91 	.db #0x12	; 18
      00002B 13                      92 	.db #0x13	; 19
      00002C 14                      93 	.db #0x14	; 20
      00002D 15                      94 	.db #0x15	; 21
      00002E 16                      95 	.db #0x16	; 22
      00002F 17                      96 	.db #0x17	; 23
      000030 18                      97 	.db #0x18	; 24
      000031 19                      98 	.db #0x19	; 25
      000032 1A                      99 	.db #0x1a	; 26
      000033 1B                     100 	.db #0x1b	; 27
      000034 00                     101 	.db #0x00	; 0
      000035 1C                     102 	.db #0x1c	; 28
      000036 1D                     103 	.db #0x1d	; 29
      000037 1E                     104 	.db #0x1e	; 30
      000038 1F                     105 	.db #0x1f	; 31
      000039 20                     106 	.db #0x20	; 32
      00003A 00                     107 	.db #0x00	; 0
      00003B 00                     108 	.db #0x00	; 0
      00003C 00                     109 	.db #0x00	; 0
      00003D 00                     110 	.db #0x00	; 0
      00003E 21                     111 	.db #0x21	; 33
      00003F 22                     112 	.db #0x22	; 34
      000040 23                     113 	.db #0x23	; 35
      000041 24                     114 	.db #0x24	; 36
      000042 25                     115 	.db #0x25	; 37
      000043 26                     116 	.db #0x26	; 38
      000044 08                     117 	.db #0x08	; 8
      000045 27                     118 	.db #0x27	; 39
      000046 28                     119 	.db #0x28	; 40
      000047 0B                     120 	.db #0x0b	; 11
      000048 29                     121 	.db #0x29	; 41
      000049 2A                     122 	.db #0x2a	; 42
      00004A 2B                     123 	.db #0x2b	; 43
      00004B 2C                     124 	.db #0x2c	; 44
      00004C 2D                     125 	.db #0x2d	; 45
      00004D 2E                     126 	.db #0x2e	; 46
      00004E 00                     127 	.db #0x00	; 0
      00004F 00                     128 	.db #0x00	; 0
      000050 00                     129 	.db #0x00	; 0
      000051 00                     130 	.db #0x00	; 0
      000052 2F                     131 	.db #0x2f	; 47
      000053 30                     132 	.db #0x30	; 48	'0'
      000054 31                     133 	.db #0x31	; 49	'1'
      000055 32                     134 	.db #0x32	; 50	'2'
      000056 33                     135 	.db #0x33	; 51	'3'
      000057 34                     136 	.db #0x34	; 52	'4'
      000058 35                     137 	.db #0x35	; 53	'5'
      000059 36                     138 	.db #0x36	; 54	'6'
      00005A 00                     139 	.db #0x00	; 0
      00005B 38                     140 	.db #0x38	; 56	'8'
      00005C 39                     141 	.db #0x39	; 57	'9'
      00005D 00                     142 	.db #0x00	; 0
      00005E 3B                     143 	.db #0x3b	; 59
      00005F 3C                     144 	.db #0x3c	; 60
      000060 3D                     145 	.db #0x3d	; 61
      000061 3E                     146 	.db #0x3e	; 62
      000062 00                     147 	.db #0x00	; 0
      000063 00                     148 	.db #0x00	; 0
      000064 00                     149 	.db #0x00	; 0
      000065 00                     150 	.db #0x00	; 0
      000066 3F                     151 	.db #0x3f	; 63
      000067 40                     152 	.db #0x40	; 64
      000068 41                     153 	.db #0x41	; 65	'A'
      000069 42                     154 	.db #0x42	; 66	'B'
      00006A 43                     155 	.db #0x43	; 67	'C'
      00006B 44                     156 	.db #0x44	; 68	'D'
      00006C 45                     157 	.db #0x45	; 69	'E'
      00006D 46                     158 	.db #0x46	; 70	'F'
      00006E 48                     159 	.db #0x48	; 72	'H'
      00006F 0A                     160 	.db #0x0a	; 10
      000070 47                     161 	.db #0x47	; 71	'G'
      000071 48                     162 	.db #0x48	; 72	'H'
      000072 49                     163 	.db #0x49	; 73	'I'
      000073 4A                     164 	.db #0x4a	; 74	'J'
      000074 4B                     165 	.db #0x4b	; 75	'K'
      000075 4C                     166 	.db #0x4c	; 76	'L'
      000076 00                     167 	.db #0x00	; 0
      000077 00                     168 	.db #0x00	; 0
      000078 00                     169 	.db #0x00	; 0
      000079 00                     170 	.db #0x00	; 0
      00007A 4D                     171 	.db #0x4d	; 77	'M'
      00007B 4E                     172 	.db #0x4e	; 78	'N'
      00007C 4F                     173 	.db #0x4f	; 79	'O'
      00007D 50                     174 	.db #0x50	; 80	'P'
      00007E 51                     175 	.db #0x51	; 81	'Q'
      00007F 52                     176 	.db #0x52	; 82	'R'
      000080 00                     177 	.db #0x00	; 0
      000081 54                     178 	.db #0x54	; 84	'T'
      000082 55                     179 	.db #0x55	; 85	'U'
      000083 00                     180 	.db #0x00	; 0
      000084 57                     181 	.db #0x57	; 87	'W'
      000085 58                     182 	.db #0x58	; 88	'X'
      000086 59                     183 	.db #0x59	; 89	'Y'
      000087 5A                     184 	.db #0x5a	; 90	'Z'
      000088 5B                     185 	.db #0x5b	; 91
      000089 5C                     186 	.db #0x5c	; 92
      00008A 00                     187 	.db #0x00	; 0
      00008B 00                     188 	.db #0x00	; 0
      00008C 00                     189 	.db #0x00	; 0
      00008D 00                     190 	.db #0x00	; 0
      00008E 00                     191 	.db #0x00	; 0
      00008F 00                     192 	.db #0x00	; 0
      000090 00                     193 	.db #0x00	; 0
      000091 00                     194 	.db #0x00	; 0
      000092 00                     195 	.db #0x00	; 0
      000093 00                     196 	.db #0x00	; 0
      000094 00                     197 	.db #0x00	; 0
      000095 00                     198 	.db #0x00	; 0
      000096 00                     199 	.db #0x00	; 0
      000097 00                     200 	.db #0x00	; 0
      000098 00                     201 	.db #0x00	; 0
      000099 00                     202 	.db #0x00	; 0
      00009A 00                     203 	.db #0x00	; 0
      00009B 00                     204 	.db #0x00	; 0
      00009C 00                     205 	.db #0x00	; 0
      00009D 00                     206 	.db #0x00	; 0
      00009E 00                     207 	.db #0x00	; 0
      00009F 00                     208 	.db #0x00	; 0
      0000A0 00                     209 	.db #0x00	; 0
      0000A1 00                     210 	.db #0x00	; 0
      0000A2 00                     211 	.db #0x00	; 0
      0000A3 00                     212 	.db #0x00	; 0
      0000A4 00                     213 	.db #0x00	; 0
      0000A5 00                     214 	.db #0x00	; 0
      0000A6 00                     215 	.db #0x00	; 0
      0000A7 00                     216 	.db #0x00	; 0
      0000A8 00                     217 	.db #0x00	; 0
      0000A9 00                     218 	.db #0x00	; 0
      0000AA 00                     219 	.db #0x00	; 0
      0000AB 00                     220 	.db #0x00	; 0
      0000AC 00                     221 	.db #0x00	; 0
      0000AD 00                     222 	.db #0x00	; 0
      0000AE 00                     223 	.db #0x00	; 0
      0000AF 00                     224 	.db #0x00	; 0
      0000B0 00                     225 	.db #0x00	; 0
      0000B1 00                     226 	.db #0x00	; 0
      0000B2 00                     227 	.db #0x00	; 0
      0000B3 00                     228 	.db #0x00	; 0
      0000B4 00                     229 	.db #0x00	; 0
      0000B5 00                     230 	.db #0x00	; 0
      0000B6 00                     231 	.db #0x00	; 0
      0000B7 00                     232 	.db #0x00	; 0
      0000B8 00                     233 	.db #0x00	; 0
      0000B9 00                     234 	.db #0x00	; 0
      0000BA 00                     235 	.db #0x00	; 0
      0000BB 00                     236 	.db #0x00	; 0
      0000BC 00                     237 	.db #0x00	; 0
      0000BD 00                     238 	.db #0x00	; 0
      0000BE 00                     239 	.db #0x00	; 0
      0000BF 00                     240 	.db #0x00	; 0
      0000C0 00                     241 	.db #0x00	; 0
      0000C1 00                     242 	.db #0x00	; 0
      0000C2 00                     243 	.db #0x00	; 0
      0000C3 00                     244 	.db #0x00	; 0
      0000C4 00                     245 	.db #0x00	; 0
      0000C5 00                     246 	.db #0x00	; 0
      0000C6 00                     247 	.db #0x00	; 0
      0000C7 00                     248 	.db #0x00	; 0
      0000C8 00                     249 	.db #0x00	; 0
      0000C9 00                     250 	.db #0x00	; 0
      0000CA 00                     251 	.db #0x00	; 0
      0000CB 00                     252 	.db #0x00	; 0
      0000CC 00                     253 	.db #0x00	; 0
      0000CD 00                     254 	.db #0x00	; 0
      0000CE 00                     255 	.db #0x00	; 0
      0000CF 00                     256 	.db #0x00	; 0
      0000D0 00                     257 	.db #0x00	; 0
      0000D1 00                     258 	.db #0x00	; 0
      0000D2 00                     259 	.db #0x00	; 0
      0000D3 00                     260 	.db #0x00	; 0
      0000D4 00                     261 	.db #0x00	; 0
      0000D5 00                     262 	.db #0x00	; 0
      0000D6 00                     263 	.db #0x00	; 0
      0000D7 00                     264 	.db #0x00	; 0
      0000D8 00                     265 	.db #0x00	; 0
      0000D9 00                     266 	.db #0x00	; 0
      0000DA 00                     267 	.db #0x00	; 0
      0000DB 00                     268 	.db #0x00	; 0
      0000DC 00                     269 	.db #0x00	; 0
      0000DD 00                     270 	.db #0x00	; 0
      0000DE 00                     271 	.db #0x00	; 0
      0000DF 00                     272 	.db #0x00	; 0
      0000E0 00                     273 	.db #0x00	; 0
      0000E1 00                     274 	.db #0x00	; 0
      0000E2 00                     275 	.db #0x00	; 0
      0000E3 00                     276 	.db #0x00	; 0
      0000E4 00                     277 	.db #0x00	; 0
      0000E5 00                     278 	.db #0x00	; 0
      0000E6 00                     279 	.db #0x00	; 0
      0000E7 00                     280 	.db #0x00	; 0
      0000E8 00                     281 	.db #0x00	; 0
      0000E9 00                     282 	.db #0x00	; 0
      0000EA 00                     283 	.db #0x00	; 0
      0000EB 00                     284 	.db #0x00	; 0
      0000EC 00                     285 	.db #0x00	; 0
      0000ED 00                     286 	.db #0x00	; 0
      0000EE 00                     287 	.db #0x00	; 0
      0000EF 00                     288 	.db #0x00	; 0
      0000F0 00                     289 	.db #0x00	; 0
      0000F1 00                     290 	.db #0x00	; 0
      0000F2 00                     291 	.db #0x00	; 0
      0000F3 00                     292 	.db #0x00	; 0
      0000F4 00                     293 	.db #0x00	; 0
      0000F5 00                     294 	.db #0x00	; 0
      0000F6 00                     295 	.db #0x00	; 0
      0000F7 00                     296 	.db #0x00	; 0
      0000F8 00                     297 	.db #0x00	; 0
      0000F9 00                     298 	.db #0x00	; 0
      0000FA 00                     299 	.db #0x00	; 0
      0000FB 00                     300 	.db #0x00	; 0
      0000FC 00                     301 	.db #0x00	; 0
      0000FD 00                     302 	.db #0x00	; 0
      0000FE 00                     303 	.db #0x00	; 0
      0000FF 00                     304 	.db #0x00	; 0
      000100 00                     305 	.db #0x00	; 0
      000101 00                     306 	.db #0x00	; 0
      000102 00                     307 	.db #0x00	; 0
      000103 00                     308 	.db #0x00	; 0
      000104 00                     309 	.db #0x00	; 0
      000105 00                     310 	.db #0x00	; 0
      000106 00                     311 	.db #0x00	; 0
      000107 00                     312 	.db #0x00	; 0
      000108 00                     313 	.db #0x00	; 0
      000109 00                     314 	.db #0x00	; 0
      00010A 00                     315 	.db #0x00	; 0
      00010B 00                     316 	.db #0x00	; 0
      00010C 00                     317 	.db #0x00	; 0
      00010D 00                     318 	.db #0x00	; 0
      00010E 00                     319 	.db #0x00	; 0
      00010F 00                     320 	.db #0x00	; 0
      000110 00                     321 	.db #0x00	; 0
      000111 00                     322 	.db #0x00	; 0
      000112 00                     323 	.db #0x00	; 0
      000113 00                     324 	.db #0x00	; 0
      000114 00                     325 	.db #0x00	; 0
      000115 00                     326 	.db #0x00	; 0
      000116 00                     327 	.db #0x00	; 0
      000117 00                     328 	.db #0x00	; 0
      000118 00                     329 	.db #0x00	; 0
      000119 00                     330 	.db #0x00	; 0
      00011A 00                     331 	.db #0x00	; 0
      00011B 00                     332 	.db #0x00	; 0
      00011C 00                     333 	.db #0x00	; 0
      00011D 00                     334 	.db #0x00	; 0
      00011E 00                     335 	.db #0x00	; 0
      00011F 00                     336 	.db #0x00	; 0
      000120 00                     337 	.db #0x00	; 0
      000121 00                     338 	.db #0x00	; 0
      000122 00                     339 	.db #0x00	; 0
      000123 00                     340 	.db #0x00	; 0
      000124 00                     341 	.db #0x00	; 0
      000125 00                     342 	.db #0x00	; 0
      000126 00                     343 	.db #0x00	; 0
      000127 00                     344 	.db #0x00	; 0
      000128 00                     345 	.db #0x00	; 0
      000129 00                     346 	.db #0x00	; 0
      00012A 00                     347 	.db #0x00	; 0
      00012B 00                     348 	.db #0x00	; 0
      00012C 00                     349 	.db #0x00	; 0
      00012D 00                     350 	.db #0x00	; 0
      00012E 00                     351 	.db #0x00	; 0
      00012F 00                     352 	.db #0x00	; 0
      000130 00                     353 	.db #0x00	; 0
      000131 00                     354 	.db #0x00	; 0
      000132 00                     355 	.db #0x00	; 0
      000133 00                     356 	.db #0x00	; 0
      000134 00                     357 	.db #0x00	; 0
      000135 00                     358 	.db #0x00	; 0
      000136 00                     359 	.db #0x00	; 0
      000137 00                     360 	.db #0x00	; 0
      000138 00                     361 	.db #0x00	; 0
      000139 00                     362 	.db #0x00	; 0
      00013A 00                     363 	.db #0x00	; 0
      00013B 00                     364 	.db #0x00	; 0
      00013C 00                     365 	.db #0x00	; 0
      00013D 00                     366 	.db #0x00	; 0
      00013E 00                     367 	.db #0x00	; 0
      00013F 00                     368 	.db #0x00	; 0
      000140 00                     369 	.db #0x00	; 0
      000141 00                     370 	.db #0x00	; 0
      000142 00                     371 	.db #0x00	; 0
      000143 00                     372 	.db #0x00	; 0
      000144 00                     373 	.db #0x00	; 0
      000145 00                     374 	.db #0x00	; 0
      000146 00                     375 	.db #0x00	; 0
      000147 00                     376 	.db #0x00	; 0
      000148 00                     377 	.db #0x00	; 0
      000149 00                     378 	.db #0x00	; 0
      00014A 00                     379 	.db #0x00	; 0
      00014B 00                     380 	.db #0x00	; 0
      00014C 00                     381 	.db #0x00	; 0
      00014D 00                     382 	.db #0x00	; 0
      00014E 00                     383 	.db #0x00	; 0
      00014F 00                     384 	.db #0x00	; 0
      000150 00                     385 	.db #0x00	; 0
      000151 00                     386 	.db #0x00	; 0
      000152 00                     387 	.db #0x00	; 0
      000153 00                     388 	.db #0x00	; 0
      000154 00                     389 	.db #0x00	; 0
      000155 00                     390 	.db #0x00	; 0
      000156 00                     391 	.db #0x00	; 0
      000157 00                     392 	.db #0x00	; 0
      000158 00                     393 	.db #0x00	; 0
      000159 00                     394 	.db #0x00	; 0
      00015A 00                     395 	.db #0x00	; 0
      00015B 00                     396 	.db #0x00	; 0
      00015C 00                     397 	.db #0x00	; 0
      00015D 00                     398 	.db #0x00	; 0
      00015E 00                     399 	.db #0x00	; 0
      00015F 00                     400 	.db #0x00	; 0
      000160 00                     401 	.db #0x00	; 0
      000161 00                     402 	.db #0x00	; 0
      000162 00                     403 	.db #0x00	; 0
      000163 00                     404 	.db #0x00	; 0
      000164 00                     405 	.db #0x00	; 0
      000165 00                     406 	.db #0x00	; 0
      000166 00                     407 	.db #0x00	; 0
      000167 00                     408 	.db #0x00	; 0
      000168 00                     409 	.db #0x00	; 0
      000169 00                     410 	.db #0x00	; 0
      00016A 00                     411 	.db #0x00	; 0
      00016B 00                     412 	.db #0x00	; 0
      00016C 00                     413 	.db #0x00	; 0
      00016D 00                     414 	.db #0x00	; 0
      00016E 00                     415 	.db #0x00	; 0
      00016F 00                     416 	.db #0x00	; 0
      000170 00                     417 	.db #0x00	; 0
      000171 00                     418 	.db #0x00	; 0
      000172 00                     419 	.db #0x00	; 0
      000173 00                     420 	.db #0x00	; 0
      000174 00                     421 	.db #0x00	; 0
      000175 00                     422 	.db #0x00	; 0
      000176 00                     423 	.db #0x00	; 0
      000177 00                     424 	.db #0x00	; 0
      000178 00                     425 	.db #0x00	; 0
      000179 00                     426 	.db #0x00	; 0
      00017A 00                     427 	.db #0x00	; 0
      00017B 00                     428 	.db #0x00	; 0
      00017C 00                     429 	.db #0x00	; 0
      00017D 00                     430 	.db #0x00	; 0
      00017E 00                     431 	.db #0x00	; 0
      00017F 00                     432 	.db #0x00	; 0
      000180 00                     433 	.db #0x00	; 0
      000181 00                     434 	.db #0x00	; 0
      000182 00                     435 	.db #0x00	; 0
      000183 00                     436 	.db #0x00	; 0
      000184 00                     437 	.db #0x00	; 0
      000185 00                     438 	.db #0x00	; 0
      000186 00                     439 	.db #0x00	; 0
      000187 00                     440 	.db #0x00	; 0
      000188 00                     441 	.db #0x00	; 0
      000189 00                     442 	.db #0x00	; 0
      00018A 00                     443 	.db #0x00	; 0
      00018B 00                     444 	.db #0x00	; 0
      00018C 00                     445 	.db #0x00	; 0
      00018D 00                     446 	.db #0x00	; 0
      00018E 00                     447 	.db #0x00	; 0
      00018F 00                     448 	.db #0x00	; 0
      000190 00                     449 	.db #0x00	; 0
      000191 00                     450 	.db #0x00	; 0
      000192 00                     451 	.db #0x00	; 0
      000193 00                     452 	.db #0x00	; 0
      000194 00                     453 	.db #0x00	; 0
      000195 00                     454 	.db #0x00	; 0
      000196 00                     455 	.db #0x00	; 0
      000197 00                     456 	.db #0x00	; 0
      000198 00                     457 	.db #0x00	; 0
      000199 00                     458 	.db #0x00	; 0
      00019A 00                     459 	.db #0x00	; 0
      00019B 00                     460 	.db #0x00	; 0
      00019C 00                     461 	.db #0x00	; 0
      00019D 00                     462 	.db #0x00	; 0
      00019E 00                     463 	.db #0x00	; 0
      00019F 00                     464 	.db #0x00	; 0
      0001A0 00                     465 	.db #0x00	; 0
      0001A1 00                     466 	.db #0x00	; 0
      0001A2 00                     467 	.db #0x00	; 0
      0001A3 00                     468 	.db #0x00	; 0
      0001A4 00                     469 	.db #0x00	; 0
      0001A5 00                     470 	.db #0x00	; 0
      0001A6 00                     471 	.db #0x00	; 0
      0001A7 00                     472 	.db #0x00	; 0
      0001A8 00                     473 	.db #0x00	; 0
      0001A9 00                     474 	.db #0x00	; 0
      0001AA 00                     475 	.db #0x00	; 0
      0001AB 00                     476 	.db #0x00	; 0
      0001AC 00                     477 	.db #0x00	; 0
      0001AD 00                     478 	.db #0x00	; 0
      0001AE 00                     479 	.db #0x00	; 0
      0001AF 00                     480 	.db #0x00	; 0
      0001B0 00                     481 	.db #0x00	; 0
      0001B1 00                     482 	.db #0x00	; 0
      0001B2 00                     483 	.db #0x00	; 0
      0001B3 00                     484 	.db #0x00	; 0
      0001B4 00                     485 	.db #0x00	; 0
      0001B5 00                     486 	.db #0x00	; 0
      0001B6 00                     487 	.db #0x00	; 0
      0001B7 00                     488 	.db #0x00	; 0
      0001B8 00                     489 	.db #0x00	; 0
      0001B9 00                     490 	.db #0x00	; 0
      0001BA 00                     491 	.db #0x00	; 0
      0001BB 00                     492 	.db #0x00	; 0
      0001BC 00                     493 	.db #0x00	; 0
      0001BD 00                     494 	.db #0x00	; 0
      0001BE 00                     495 	.db #0x00	; 0
      0001BF 00                     496 	.db #0x00	; 0
      0001C0 00                     497 	.db #0x00	; 0
      0001C1 00                     498 	.db #0x00	; 0
      0001C2 00                     499 	.db #0x00	; 0
      0001C3 00                     500 	.db #0x00	; 0
      0001C4 00                     501 	.db #0x00	; 0
      0001C5 00                     502 	.db #0x00	; 0
      0001C6 00                     503 	.db #0x00	; 0
      0001C7 00                     504 	.db #0x00	; 0
      0001C8 00                     505 	.db #0x00	; 0
      0001C9 00                     506 	.db #0x00	; 0
      0001CA 00                     507 	.db #0x00	; 0
      0001CB 00                     508 	.db #0x00	; 0
      0001CC 00                     509 	.db #0x00	; 0
      0001CD 00                     510 	.db #0x00	; 0
      0001CE 00                     511 	.db #0x00	; 0
      0001CF 00                     512 	.db #0x00	; 0
      0001D0 00                     513 	.db #0x00	; 0
      0001D1 00                     514 	.db #0x00	; 0
      0001D2 00                     515 	.db #0x00	; 0
      0001D3 00                     516 	.db #0x00	; 0
      0001D4 00                     517 	.db #0x00	; 0
      0001D5 00                     518 	.db #0x00	; 0
      0001D6 00                     519 	.db #0x00	; 0
      0001D7 00                     520 	.db #0x00	; 0
      0001D8 00                     521 	.db #0x00	; 0
      0001D9 00                     522 	.db #0x00	; 0
      0001DA 00                     523 	.db #0x00	; 0
      0001DB 00                     524 	.db #0x00	; 0
      0001DC 00                     525 	.db #0x00	; 0
      0001DD 00                     526 	.db #0x00	; 0
      0001DE 00                     527 	.db #0x00	; 0
      0001DF 00                     528 	.db #0x00	; 0
      0001E0 00                     529 	.db #0x00	; 0
      0001E1 00                     530 	.db #0x00	; 0
      0001E2 00                     531 	.db #0x00	; 0
      0001E3 00                     532 	.db #0x00	; 0
      0001E4 00                     533 	.db #0x00	; 0
      0001E5 00                     534 	.db #0x00	; 0
      0001E6 00                     535 	.db #0x00	; 0
      0001E7 00                     536 	.db #0x00	; 0
      0001E8 00                     537 	.db #0x00	; 0
      0001E9 00                     538 	.db #0x00	; 0
      0001EA 00                     539 	.db #0x00	; 0
      0001EB 00                     540 	.db #0x00	; 0
      0001EC 00                     541 	.db #0x00	; 0
      0001ED 00                     542 	.db #0x00	; 0
      0001EE 00                     543 	.db #0x00	; 0
      0001EF 00                     544 	.db #0x00	; 0
      0001F0 00                     545 	.db #0x00	; 0
      0001F1 00                     546 	.db #0x00	; 0
      0001F2 00                     547 	.db #0x00	; 0
      0001F3 00                     548 	.db #0x00	; 0
      0001F4 00                     549 	.db #0x00	; 0
      0001F5 00                     550 	.db #0x00	; 0
      0001F6 00                     551 	.db #0x00	; 0
      0001F7 00                     552 	.db #0x00	; 0
      0001F8 00                     553 	.db #0x00	; 0
      0001F9 00                     554 	.db #0x00	; 0
      0001FA 00                     555 	.db #0x00	; 0
      0001FB 00                     556 	.db #0x00	; 0
      0001FC 00                     557 	.db #0x00	; 0
      0001FD 00                     558 	.db #0x00	; 0
      0001FE 00                     559 	.db #0x00	; 0
      0001FF 00                     560 	.db #0x00	; 0
      000200 00                     561 	.db #0x00	; 0
      000201 00                     562 	.db #0x00	; 0
      000202 00                     563 	.db #0x00	; 0
      000203 00                     564 	.db #0x00	; 0
      000204 00                     565 	.db #0x00	; 0
      000205 00                     566 	.db #0x00	; 0
      000206 00                     567 	.db #0x00	; 0
      000207 00                     568 	.db #0x00	; 0
      000208 00                     569 	.db #0x00	; 0
      000209 00                     570 	.db #0x00	; 0
      00020A 00                     571 	.db #0x00	; 0
      00020B 00                     572 	.db #0x00	; 0
      00020C 00                     573 	.db #0x00	; 0
      00020D 00                     574 	.db #0x00	; 0
      00020E 00                     575 	.db #0x00	; 0
      00020F 00                     576 	.db #0x00	; 0
      000210 00                     577 	.db #0x00	; 0
      000211 00                     578 	.db #0x00	; 0
      000212 00                     579 	.db #0x00	; 0
      000213 00                     580 	.db #0x00	; 0
      000214 00                     581 	.db #0x00	; 0
      000215 00                     582 	.db #0x00	; 0
      000216 00                     583 	.db #0x00	; 0
      000217 00                     584 	.db #0x00	; 0
      000218 00                     585 	.db #0x00	; 0
      000219 00                     586 	.db #0x00	; 0
      00021A 00                     587 	.db #0x00	; 0
      00021B 00                     588 	.db #0x00	; 0
      00021C 00                     589 	.db #0x00	; 0
      00021D 00                     590 	.db #0x00	; 0
      00021E 00                     591 	.db #0x00	; 0
      00021F 00                     592 	.db #0x00	; 0
      000220 00                     593 	.db #0x00	; 0
      000221 00                     594 	.db #0x00	; 0
      000222 00                     595 	.db #0x00	; 0
      000223 00                     596 	.db #0x00	; 0
      000224 00                     597 	.db #0x00	; 0
      000225 00                     598 	.db #0x00	; 0
      000226 00                     599 	.db #0x00	; 0
      000227 00                     600 	.db #0x00	; 0
      000228 00                     601 	.db #0x00	; 0
      000229 00                     602 	.db #0x00	; 0
      00022A 00                     603 	.db #0x00	; 0
      00022B 00                     604 	.db #0x00	; 0
      00022C 00                     605 	.db #0x00	; 0
      00022D 00                     606 	.db #0x00	; 0
      00022E 00                     607 	.db #0x00	; 0
      00022F 00                     608 	.db #0x00	; 0
      000230 00                     609 	.db #0x00	; 0
      000231 00                     610 	.db #0x00	; 0
      000232 00                     611 	.db #0x00	; 0
      000233 00                     612 	.db #0x00	; 0
      000234 00                     613 	.db #0x00	; 0
      000235 00                     614 	.db #0x00	; 0
      000236 00                     615 	.db #0x00	; 0
      000237 00                     616 	.db #0x00	; 0
      000238 00                     617 	.db #0x00	; 0
      000239 00                     618 	.db #0x00	; 0
      00023A 00                     619 	.db #0x00	; 0
      00023B 00                     620 	.db #0x00	; 0
      00023C 00                     621 	.db #0x00	; 0
      00023D 00                     622 	.db #0x00	; 0
      00023E 00                     623 	.db #0x00	; 0
      00023F 00                     624 	.db #0x00	; 0
      000240 00                     625 	.db #0x00	; 0
      000241 00                     626 	.db #0x00	; 0
      000242 00                     627 	.db #0x00	; 0
      000243 00                     628 	.db #0x00	; 0
      000244 00                     629 	.db #0x00	; 0
      000245 00                     630 	.db #0x00	; 0
      000246 00                     631 	.db #0x00	; 0
      000247 00                     632 	.db #0x00	; 0
      000248 00                     633 	.db #0x00	; 0
      000249 00                     634 	.db #0x00	; 0
      00024A 00                     635 	.db #0x00	; 0
      00024B 00                     636 	.db #0x00	; 0
      00024C 00                     637 	.db #0x00	; 0
      00024D 00                     638 	.db #0x00	; 0
      00024E 00                     639 	.db #0x00	; 0
      00024F 00                     640 	.db #0x00	; 0
      000250 00                     641 	.db #0x00	; 0
      000251 00                     642 	.db #0x00	; 0
      000252 00                     643 	.db #0x00	; 0
      000253 00                     644 	.db #0x00	; 0
      000254 00                     645 	.db #0x00	; 0
      000255 00                     646 	.db #0x00	; 0
      000256 00                     647 	.db #0x00	; 0
      000257 00                     648 	.db #0x00	; 0
      000258 00                     649 	.db #0x00	; 0
      000259 00                     650 	.db #0x00	; 0
      00025A 00                     651 	.db #0x00	; 0
      00025B 00                     652 	.db #0x00	; 0
      00025C 00                     653 	.db #0x00	; 0
      00025D 00                     654 	.db #0x00	; 0
      00025E 00                     655 	.db #0x00	; 0
      00025F 00                     656 	.db #0x00	; 0
      000260 00                     657 	.db #0x00	; 0
      000261 00                     658 	.db #0x00	; 0
      000262 00                     659 	.db #0x00	; 0
      000263 00                     660 	.db #0x00	; 0
      000264 00                     661 	.db #0x00	; 0
      000265 00                     662 	.db #0x00	; 0
      000266 00                     663 	.db #0x00	; 0
      000267 00                     664 	.db #0x00	; 0
      000268 00                     665 	.db #0x00	; 0
      000269 00                     666 	.db #0x00	; 0
      00026A 00                     667 	.db #0x00	; 0
      00026B 00                     668 	.db #0x00	; 0
      00026C 00                     669 	.db #0x00	; 0
      00026D 00                     670 	.db #0x00	; 0
      00026E 00                     671 	.db #0x00	; 0
      00026F 00                     672 	.db #0x00	; 0
      000270 00                     673 	.db #0x00	; 0
      000271 00                     674 	.db #0x00	; 0
      000272 00                     675 	.db #0x00	; 0
      000273 00                     676 	.db #0x00	; 0
      000274 00                     677 	.db #0x00	; 0
      000275 00                     678 	.db #0x00	; 0
      000276 00                     679 	.db #0x00	; 0
      000277 00                     680 	.db #0x00	; 0
      000278 00                     681 	.db #0x00	; 0
      000279 00                     682 	.db #0x00	; 0
      00027A 00                     683 	.db #0x00	; 0
      00027B 00                     684 	.db #0x00	; 0
      00027C 00                     685 	.db #0x00	; 0
      00027D 00                     686 	.db #0x00	; 0
      00027E 00                     687 	.db #0x00	; 0
      00027F 00                     688 	.db #0x00	; 0
      000280 00                     689 	.db #0x00	; 0
      000281 00                     690 	.db #0x00	; 0
      000282 00                     691 	.db #0x00	; 0
      000283 00                     692 	.db #0x00	; 0
      000284 00                     693 	.db #0x00	; 0
      000285 00                     694 	.db #0x00	; 0
      000286 00                     695 	.db #0x00	; 0
      000287 00                     696 	.db #0x00	; 0
      000288 00                     697 	.db #0x00	; 0
      000289 00                     698 	.db #0x00	; 0
      00028A 00                     699 	.db #0x00	; 0
      00028B 00                     700 	.db #0x00	; 0
      00028C 00                     701 	.db #0x00	; 0
      00028D 00                     702 	.db #0x00	; 0
      00028E 00                     703 	.db #0x00	; 0
      00028F 00                     704 	.db #0x00	; 0
      000290 00                     705 	.db #0x00	; 0
      000291 00                     706 	.db #0x00	; 0
      000292 00                     707 	.db #0x00	; 0
      000293 00                     708 	.db #0x00	; 0
      000294 00                     709 	.db #0x00	; 0
      000295 00                     710 	.db #0x00	; 0
      000296 00                     711 	.db #0x00	; 0
      000297 00                     712 	.db #0x00	; 0
      000298 00                     713 	.db #0x00	; 0
      000299 00                     714 	.db #0x00	; 0
      00029A 00                     715 	.db #0x00	; 0
      00029B 00                     716 	.db #0x00	; 0
      00029C 00                     717 	.db #0x00	; 0
      00029D 00                     718 	.db #0x00	; 0
      00029E 00                     719 	.db #0x00	; 0
      00029F 00                     720 	.db #0x00	; 0
      0002A0 00                     721 	.db #0x00	; 0
      0002A1 00                     722 	.db #0x00	; 0
      0002A2 00                     723 	.db #0x00	; 0
      0002A3 00                     724 	.db #0x00	; 0
      0002A4 00                     725 	.db #0x00	; 0
      0002A5 00                     726 	.db #0x00	; 0
      0002A6 00                     727 	.db #0x00	; 0
      0002A7 00                     728 	.db #0x00	; 0
      0002A8 00                     729 	.db #0x00	; 0
      0002A9 00                     730 	.db #0x00	; 0
      0002AA 00                     731 	.db #0x00	; 0
      0002AB 00                     732 	.db #0x00	; 0
      0002AC 00                     733 	.db #0x00	; 0
      0002AD 00                     734 	.db #0x00	; 0
      0002AE 00                     735 	.db #0x00	; 0
      0002AF 00                     736 	.db #0x00	; 0
      0002B0 00                     737 	.db #0x00	; 0
      0002B1 00                     738 	.db #0x00	; 0
      0002B2 00                     739 	.db #0x00	; 0
      0002B3 00                     740 	.db #0x00	; 0
      0002B4 00                     741 	.db #0x00	; 0
      0002B5 00                     742 	.db #0x00	; 0
      0002B6 00                     743 	.db #0x00	; 0
      0002B7 00                     744 	.db #0x00	; 0
      0002B8 00                     745 	.db #0x00	; 0
      0002B9 00                     746 	.db #0x00	; 0
      0002BA 00                     747 	.db #0x00	; 0
      0002BB 00                     748 	.db #0x00	; 0
      0002BC 00                     749 	.db #0x00	; 0
      0002BD 00                     750 	.db #0x00	; 0
      0002BE 00                     751 	.db #0x00	; 0
      0002BF 00                     752 	.db #0x00	; 0
      0002C0 00                     753 	.db #0x00	; 0
      0002C1 00                     754 	.db #0x00	; 0
      0002C2 00                     755 	.db #0x00	; 0
      0002C3 00                     756 	.db #0x00	; 0
      0002C4 00                     757 	.db #0x00	; 0
      0002C5 00                     758 	.db #0x00	; 0
      0002C6 00                     759 	.db #0x00	; 0
      0002C7 00                     760 	.db #0x00	; 0
      0002C8 00                     761 	.db #0x00	; 0
      0002C9 00                     762 	.db #0x00	; 0
      0002CA 00                     763 	.db #0x00	; 0
      0002CB 00                     764 	.db #0x00	; 0
      0002CC 00                     765 	.db #0x00	; 0
      0002CD 00                     766 	.db #0x00	; 0
      0002CE 00                     767 	.db #0x00	; 0
      0002CF 00                     768 	.db #0x00	; 0
                           000001   769 ___bank_triangleMapPLN01	=	0x0001
      0002D0                        770 _triangleMapPLN1:
      0002D0 00                     771 	.db #0x00	; 0
      0002D1 00                     772 	.db #0x00	; 0
      0002D2 00                     773 	.db #0x00	; 0
      0002D3 00                     774 	.db #0x00	; 0
      0002D4 00                     775 	.db #0x00	; 0
      0002D5 00                     776 	.db #0x00	; 0
      0002D6 00                     777 	.db #0x00	; 0
      0002D7 00                     778 	.db #0x00	; 0
      0002D8 00                     779 	.db #0x00	; 0
      0002D9 00                     780 	.db #0x00	; 0
      0002DA 00                     781 	.db #0x00	; 0
      0002DB 00                     782 	.db #0x00	; 0
      0002DC 00                     783 	.db #0x00	; 0
      0002DD 00                     784 	.db #0x00	; 0
      0002DE 00                     785 	.db #0x00	; 0
      0002DF 00                     786 	.db #0x00	; 0
      0002E0 00                     787 	.db #0x00	; 0
      0002E1 20                     788 	.db #0x20	; 32
      0002E2 00                     789 	.db #0x00	; 0
      0002E3 00                     790 	.db #0x00	; 0
      0002E4 00                     791 	.db #0x00	; 0
      0002E5 00                     792 	.db #0x00	; 0
      0002E6 01                     793 	.db #0x01	; 1
      0002E7 01                     794 	.db #0x01	; 1
      0002E8 02                     795 	.db #0x02	; 2
      0002E9 02                     796 	.db #0x02	; 2
      0002EA 02                     797 	.db #0x02	; 2
      0002EB 02                     798 	.db #0x02	; 2
      0002EC 02                     799 	.db #0x02	; 2
      0002ED 02                     800 	.db #0x02	; 2
      0002EE 02                     801 	.db #0x02	; 2
      0002EF 02                     802 	.db #0x02	; 2
      0002F0 02                     803 	.db #0x02	; 2
      0002F1 02                     804 	.db #0x02	; 2
      0002F2 02                     805 	.db #0x02	; 2
      0002F3 02                     806 	.db #0x02	; 2
      0002F4 01                     807 	.db #0x01	; 1
      0002F5 03                     808 	.db #0x03	; 3
      0002F6 00                     809 	.db #0x00	; 0
      0002F7 00                     810 	.db #0x00	; 0
      0002F8 00                     811 	.db #0x00	; 0
      0002F9 00                     812 	.db #0x00	; 0
      0002FA 01                     813 	.db #0x01	; 1
      0002FB 01                     814 	.db #0x01	; 1
      0002FC 02                     815 	.db #0x02	; 2
      0002FD 02                     816 	.db #0x02	; 2
      0002FE 02                     817 	.db #0x02	; 2
      0002FF 02                     818 	.db #0x02	; 2
      000300 02                     819 	.db #0x02	; 2
      000301 02                     820 	.db #0x02	; 2
      000302 02                     821 	.db #0x02	; 2
      000303 02                     822 	.db #0x02	; 2
      000304 02                     823 	.db #0x02	; 2
      000305 02                     824 	.db #0x02	; 2
      000306 02                     825 	.db #0x02	; 2
      000307 02                     826 	.db #0x02	; 2
      000308 01                     827 	.db #0x01	; 1
      000309 03                     828 	.db #0x03	; 3
      00030A 00                     829 	.db #0x00	; 0
      00030B 00                     830 	.db #0x00	; 0
      00030C 00                     831 	.db #0x00	; 0
      00030D 00                     832 	.db #0x00	; 0
      00030E 01                     833 	.db #0x01	; 1
      00030F 01                     834 	.db #0x01	; 1
      000310 02                     835 	.db #0x02	; 2
      000311 02                     836 	.db #0x02	; 2
      000312 02                     837 	.db #0x02	; 2
      000313 02                     838 	.db #0x02	; 2
      000314 02                     839 	.db #0x02	; 2
      000315 02                     840 	.db #0x02	; 2
      000316 02                     841 	.db #0x02	; 2
      000317 02                     842 	.db #0x02	; 2
      000318 02                     843 	.db #0x02	; 2
      000319 02                     844 	.db #0x02	; 2
      00031A 02                     845 	.db #0x02	; 2
      00031B 02                     846 	.db #0x02	; 2
      00031C 01                     847 	.db #0x01	; 1
      00031D 03                     848 	.db #0x03	; 3
      00031E 00                     849 	.db #0x00	; 0
      00031F 00                     850 	.db #0x00	; 0
      000320 00                     851 	.db #0x00	; 0
      000321 00                     852 	.db #0x00	; 0
      000322 01                     853 	.db #0x01	; 1
      000323 01                     854 	.db #0x01	; 1
      000324 02                     855 	.db #0x02	; 2
      000325 02                     856 	.db #0x02	; 2
      000326 02                     857 	.db #0x02	; 2
      000327 02                     858 	.db #0x02	; 2
      000328 02                     859 	.db #0x02	; 2
      000329 02                     860 	.db #0x02	; 2
      00032A 02                     861 	.db #0x02	; 2
      00032B 02                     862 	.db #0x02	; 2
      00032C 02                     863 	.db #0x02	; 2
      00032D 02                     864 	.db #0x02	; 2
      00032E 02                     865 	.db #0x02	; 2
      00032F 02                     866 	.db #0x02	; 2
      000330 01                     867 	.db #0x01	; 1
      000331 03                     868 	.db #0x03	; 3
      000332 00                     869 	.db #0x00	; 0
      000333 00                     870 	.db #0x00	; 0
      000334 00                     871 	.db #0x00	; 0
      000335 00                     872 	.db #0x00	; 0
      000336 01                     873 	.db #0x01	; 1
      000337 01                     874 	.db #0x01	; 1
      000338 02                     875 	.db #0x02	; 2
      000339 02                     876 	.db #0x02	; 2
      00033A 02                     877 	.db #0x02	; 2
      00033B 02                     878 	.db #0x02	; 2
      00033C 02                     879 	.db #0x02	; 2
      00033D 02                     880 	.db #0x02	; 2
      00033E 02                     881 	.db #0x02	; 2
      00033F 02                     882 	.db #0x02	; 2
      000340 02                     883 	.db #0x02	; 2
      000341 02                     884 	.db #0x02	; 2
      000342 02                     885 	.db #0x02	; 2
      000343 02                     886 	.db #0x02	; 2
      000344 01                     887 	.db #0x01	; 1
      000345 03                     888 	.db #0x03	; 3
      000346 00                     889 	.db #0x00	; 0
      000347 00                     890 	.db #0x00	; 0
      000348 00                     891 	.db #0x00	; 0
      000349 00                     892 	.db #0x00	; 0
      00034A 01                     893 	.db #0x01	; 1
      00034B 01                     894 	.db #0x01	; 1
      00034C 02                     895 	.db #0x02	; 2
      00034D 02                     896 	.db #0x02	; 2
      00034E 02                     897 	.db #0x02	; 2
      00034F 02                     898 	.db #0x02	; 2
      000350 02                     899 	.db #0x02	; 2
      000351 02                     900 	.db #0x02	; 2
      000352 02                     901 	.db #0x02	; 2
      000353 02                     902 	.db #0x02	; 2
      000354 02                     903 	.db #0x02	; 2
      000355 02                     904 	.db #0x02	; 2
      000356 02                     905 	.db #0x02	; 2
      000357 02                     906 	.db #0x02	; 2
      000358 01                     907 	.db #0x01	; 1
      000359 03                     908 	.db #0x03	; 3
      00035A 00                     909 	.db #0x00	; 0
      00035B 00                     910 	.db #0x00	; 0
      00035C 00                     911 	.db #0x00	; 0
      00035D 00                     912 	.db #0x00	; 0
      00035E 00                     913 	.db #0x00	; 0
      00035F 00                     914 	.db #0x00	; 0
      000360 00                     915 	.db #0x00	; 0
      000361 00                     916 	.db #0x00	; 0
      000362 00                     917 	.db #0x00	; 0
      000363 00                     918 	.db #0x00	; 0
      000364 00                     919 	.db #0x00	; 0
      000365 00                     920 	.db #0x00	; 0
      000366 00                     921 	.db #0x00	; 0
      000367 00                     922 	.db #0x00	; 0
      000368 00                     923 	.db #0x00	; 0
      000369 00                     924 	.db #0x00	; 0
      00036A 00                     925 	.db #0x00	; 0
      00036B 00                     926 	.db #0x00	; 0
      00036C 00                     927 	.db #0x00	; 0
      00036D 00                     928 	.db #0x00	; 0
      00036E 00                     929 	.db #0x00	; 0
      00036F 00                     930 	.db #0x00	; 0
      000370 00                     931 	.db #0x00	; 0
      000371 00                     932 	.db #0x00	; 0
      000372 00                     933 	.db #0x00	; 0
      000373 00                     934 	.db #0x00	; 0
      000374 00                     935 	.db #0x00	; 0
      000375 00                     936 	.db #0x00	; 0
      000376 00                     937 	.db #0x00	; 0
      000377 00                     938 	.db #0x00	; 0
      000378 00                     939 	.db #0x00	; 0
      000379 00                     940 	.db #0x00	; 0
      00037A 00                     941 	.db #0x00	; 0
      00037B 00                     942 	.db #0x00	; 0
      00037C 00                     943 	.db #0x00	; 0
      00037D 00                     944 	.db #0x00	; 0
      00037E 00                     945 	.db #0x00	; 0
      00037F 00                     946 	.db #0x00	; 0
      000380 00                     947 	.db #0x00	; 0
      000381 00                     948 	.db #0x00	; 0
      000382 00                     949 	.db #0x00	; 0
      000383 00                     950 	.db #0x00	; 0
      000384 00                     951 	.db #0x00	; 0
      000385 00                     952 	.db #0x00	; 0
      000386 00                     953 	.db #0x00	; 0
      000387 00                     954 	.db #0x00	; 0
      000388 00                     955 	.db #0x00	; 0
      000389 00                     956 	.db #0x00	; 0
      00038A 00                     957 	.db #0x00	; 0
      00038B 00                     958 	.db #0x00	; 0
      00038C 00                     959 	.db #0x00	; 0
      00038D 00                     960 	.db #0x00	; 0
      00038E 00                     961 	.db #0x00	; 0
      00038F 00                     962 	.db #0x00	; 0
      000390 00                     963 	.db #0x00	; 0
      000391 00                     964 	.db #0x00	; 0
      000392 00                     965 	.db #0x00	; 0
      000393 00                     966 	.db #0x00	; 0
      000394 00                     967 	.db #0x00	; 0
      000395 00                     968 	.db #0x00	; 0
      000396 00                     969 	.db #0x00	; 0
      000397 00                     970 	.db #0x00	; 0
      000398 00                     971 	.db #0x00	; 0
      000399 00                     972 	.db #0x00	; 0
      00039A 00                     973 	.db #0x00	; 0
      00039B 00                     974 	.db #0x00	; 0
      00039C 00                     975 	.db #0x00	; 0
      00039D 00                     976 	.db #0x00	; 0
      00039E 00                     977 	.db #0x00	; 0
      00039F 00                     978 	.db #0x00	; 0
      0003A0 00                     979 	.db #0x00	; 0
      0003A1 00                     980 	.db #0x00	; 0
      0003A2 00                     981 	.db #0x00	; 0
      0003A3 00                     982 	.db #0x00	; 0
      0003A4 00                     983 	.db #0x00	; 0
      0003A5 00                     984 	.db #0x00	; 0
      0003A6 00                     985 	.db #0x00	; 0
      0003A7 00                     986 	.db #0x00	; 0
      0003A8 00                     987 	.db #0x00	; 0
      0003A9 00                     988 	.db #0x00	; 0
      0003AA 00                     989 	.db #0x00	; 0
      0003AB 00                     990 	.db #0x00	; 0
      0003AC 00                     991 	.db #0x00	; 0
      0003AD 00                     992 	.db #0x00	; 0
      0003AE 00                     993 	.db #0x00	; 0
      0003AF 00                     994 	.db #0x00	; 0
      0003B0 00                     995 	.db #0x00	; 0
      0003B1 00                     996 	.db #0x00	; 0
      0003B2 00                     997 	.db #0x00	; 0
      0003B3 00                     998 	.db #0x00	; 0
      0003B4 00                     999 	.db #0x00	; 0
      0003B5 00                    1000 	.db #0x00	; 0
      0003B6 00                    1001 	.db #0x00	; 0
      0003B7 00                    1002 	.db #0x00	; 0
      0003B8 00                    1003 	.db #0x00	; 0
      0003B9 00                    1004 	.db #0x00	; 0
      0003BA 00                    1005 	.db #0x00	; 0
      0003BB 00                    1006 	.db #0x00	; 0
      0003BC 00                    1007 	.db #0x00	; 0
      0003BD 00                    1008 	.db #0x00	; 0
      0003BE 00                    1009 	.db #0x00	; 0
      0003BF 00                    1010 	.db #0x00	; 0
      0003C0 00                    1011 	.db #0x00	; 0
      0003C1 00                    1012 	.db #0x00	; 0
      0003C2 00                    1013 	.db #0x00	; 0
      0003C3 00                    1014 	.db #0x00	; 0
      0003C4 00                    1015 	.db #0x00	; 0
      0003C5 00                    1016 	.db #0x00	; 0
      0003C6 00                    1017 	.db #0x00	; 0
      0003C7 00                    1018 	.db #0x00	; 0
      0003C8 00                    1019 	.db #0x00	; 0
      0003C9 00                    1020 	.db #0x00	; 0
      0003CA 00                    1021 	.db #0x00	; 0
      0003CB 00                    1022 	.db #0x00	; 0
      0003CC 00                    1023 	.db #0x00	; 0
      0003CD 00                    1024 	.db #0x00	; 0
      0003CE 00                    1025 	.db #0x00	; 0
      0003CF 00                    1026 	.db #0x00	; 0
      0003D0 00                    1027 	.db #0x00	; 0
      0003D1 00                    1028 	.db #0x00	; 0
      0003D2 00                    1029 	.db #0x00	; 0
      0003D3 00                    1030 	.db #0x00	; 0
      0003D4 00                    1031 	.db #0x00	; 0
      0003D5 00                    1032 	.db #0x00	; 0
      0003D6 00                    1033 	.db #0x00	; 0
      0003D7 00                    1034 	.db #0x00	; 0
      0003D8 00                    1035 	.db #0x00	; 0
      0003D9 00                    1036 	.db #0x00	; 0
      0003DA 00                    1037 	.db #0x00	; 0
      0003DB 00                    1038 	.db #0x00	; 0
      0003DC 00                    1039 	.db #0x00	; 0
      0003DD 00                    1040 	.db #0x00	; 0
      0003DE 00                    1041 	.db #0x00	; 0
      0003DF 00                    1042 	.db #0x00	; 0
      0003E0 00                    1043 	.db #0x00	; 0
      0003E1 00                    1044 	.db #0x00	; 0
      0003E2 00                    1045 	.db #0x00	; 0
      0003E3 00                    1046 	.db #0x00	; 0
      0003E4 00                    1047 	.db #0x00	; 0
      0003E5 00                    1048 	.db #0x00	; 0
      0003E6 00                    1049 	.db #0x00	; 0
      0003E7 00                    1050 	.db #0x00	; 0
      0003E8 00                    1051 	.db #0x00	; 0
      0003E9 00                    1052 	.db #0x00	; 0
      0003EA 00                    1053 	.db #0x00	; 0
      0003EB 00                    1054 	.db #0x00	; 0
      0003EC 00                    1055 	.db #0x00	; 0
      0003ED 00                    1056 	.db #0x00	; 0
      0003EE 00                    1057 	.db #0x00	; 0
      0003EF 00                    1058 	.db #0x00	; 0
      0003F0 00                    1059 	.db #0x00	; 0
      0003F1 00                    1060 	.db #0x00	; 0
      0003F2 00                    1061 	.db #0x00	; 0
      0003F3 00                    1062 	.db #0x00	; 0
      0003F4 00                    1063 	.db #0x00	; 0
      0003F5 00                    1064 	.db #0x00	; 0
      0003F6 00                    1065 	.db #0x00	; 0
      0003F7 00                    1066 	.db #0x00	; 0
      0003F8 00                    1067 	.db #0x00	; 0
      0003F9 00                    1068 	.db #0x00	; 0
      0003FA 00                    1069 	.db #0x00	; 0
      0003FB 00                    1070 	.db #0x00	; 0
      0003FC 00                    1071 	.db #0x00	; 0
      0003FD 00                    1072 	.db #0x00	; 0
      0003FE 00                    1073 	.db #0x00	; 0
      0003FF 00                    1074 	.db #0x00	; 0
      000400 00                    1075 	.db #0x00	; 0
      000401 00                    1076 	.db #0x00	; 0
      000402 00                    1077 	.db #0x00	; 0
      000403 00                    1078 	.db #0x00	; 0
      000404 00                    1079 	.db #0x00	; 0
      000405 00                    1080 	.db #0x00	; 0
      000406 00                    1081 	.db #0x00	; 0
      000407 00                    1082 	.db #0x00	; 0
      000408 00                    1083 	.db #0x00	; 0
      000409 00                    1084 	.db #0x00	; 0
      00040A 00                    1085 	.db #0x00	; 0
      00040B 00                    1086 	.db #0x00	; 0
      00040C 00                    1087 	.db #0x00	; 0
      00040D 00                    1088 	.db #0x00	; 0
      00040E 00                    1089 	.db #0x00	; 0
      00040F 00                    1090 	.db #0x00	; 0
      000410 00                    1091 	.db #0x00	; 0
      000411 00                    1092 	.db #0x00	; 0
      000412 00                    1093 	.db #0x00	; 0
      000413 00                    1094 	.db #0x00	; 0
      000414 00                    1095 	.db #0x00	; 0
      000415 00                    1096 	.db #0x00	; 0
      000416 00                    1097 	.db #0x00	; 0
      000417 00                    1098 	.db #0x00	; 0
      000418 00                    1099 	.db #0x00	; 0
      000419 00                    1100 	.db #0x00	; 0
      00041A 00                    1101 	.db #0x00	; 0
      00041B 00                    1102 	.db #0x00	; 0
      00041C 00                    1103 	.db #0x00	; 0
      00041D 00                    1104 	.db #0x00	; 0
      00041E 00                    1105 	.db #0x00	; 0
      00041F 00                    1106 	.db #0x00	; 0
      000420 00                    1107 	.db #0x00	; 0
      000421 00                    1108 	.db #0x00	; 0
      000422 00                    1109 	.db #0x00	; 0
      000423 00                    1110 	.db #0x00	; 0
      000424 00                    1111 	.db #0x00	; 0
      000425 00                    1112 	.db #0x00	; 0
      000426 00                    1113 	.db #0x00	; 0
      000427 00                    1114 	.db #0x00	; 0
      000428 00                    1115 	.db #0x00	; 0
      000429 00                    1116 	.db #0x00	; 0
      00042A 00                    1117 	.db #0x00	; 0
      00042B 00                    1118 	.db #0x00	; 0
      00042C 00                    1119 	.db #0x00	; 0
      00042D 00                    1120 	.db #0x00	; 0
      00042E 00                    1121 	.db #0x00	; 0
      00042F 00                    1122 	.db #0x00	; 0
      000430 00                    1123 	.db #0x00	; 0
      000431 00                    1124 	.db #0x00	; 0
      000432 00                    1125 	.db #0x00	; 0
      000433 00                    1126 	.db #0x00	; 0
      000434 00                    1127 	.db #0x00	; 0
      000435 00                    1128 	.db #0x00	; 0
      000436 00                    1129 	.db #0x00	; 0
      000437 00                    1130 	.db #0x00	; 0
      000438 00                    1131 	.db #0x00	; 0
      000439 00                    1132 	.db #0x00	; 0
      00043A 00                    1133 	.db #0x00	; 0
      00043B 00                    1134 	.db #0x00	; 0
      00043C 00                    1135 	.db #0x00	; 0
      00043D 00                    1136 	.db #0x00	; 0
      00043E 00                    1137 	.db #0x00	; 0
      00043F 00                    1138 	.db #0x00	; 0
      000440 00                    1139 	.db #0x00	; 0
      000441 00                    1140 	.db #0x00	; 0
      000442 00                    1141 	.db #0x00	; 0
      000443 00                    1142 	.db #0x00	; 0
      000444 00                    1143 	.db #0x00	; 0
      000445 00                    1144 	.db #0x00	; 0
      000446 00                    1145 	.db #0x00	; 0
      000447 00                    1146 	.db #0x00	; 0
      000448 00                    1147 	.db #0x00	; 0
      000449 00                    1148 	.db #0x00	; 0
      00044A 00                    1149 	.db #0x00	; 0
      00044B 00                    1150 	.db #0x00	; 0
      00044C 00                    1151 	.db #0x00	; 0
      00044D 00                    1152 	.db #0x00	; 0
      00044E 00                    1153 	.db #0x00	; 0
      00044F 00                    1154 	.db #0x00	; 0
      000450 00                    1155 	.db #0x00	; 0
      000451 00                    1156 	.db #0x00	; 0
      000452 00                    1157 	.db #0x00	; 0
      000453 00                    1158 	.db #0x00	; 0
      000454 00                    1159 	.db #0x00	; 0
      000455 00                    1160 	.db #0x00	; 0
      000456 00                    1161 	.db #0x00	; 0
      000457 00                    1162 	.db #0x00	; 0
      000458 00                    1163 	.db #0x00	; 0
      000459 00                    1164 	.db #0x00	; 0
      00045A 00                    1165 	.db #0x00	; 0
      00045B 00                    1166 	.db #0x00	; 0
      00045C 00                    1167 	.db #0x00	; 0
      00045D 00                    1168 	.db #0x00	; 0
      00045E 00                    1169 	.db #0x00	; 0
      00045F 00                    1170 	.db #0x00	; 0
      000460 00                    1171 	.db #0x00	; 0
      000461 00                    1172 	.db #0x00	; 0
      000462 00                    1173 	.db #0x00	; 0
      000463 00                    1174 	.db #0x00	; 0
      000464 00                    1175 	.db #0x00	; 0
      000465 00                    1176 	.db #0x00	; 0
      000466 00                    1177 	.db #0x00	; 0
      000467 00                    1178 	.db #0x00	; 0
      000468 00                    1179 	.db #0x00	; 0
      000469 00                    1180 	.db #0x00	; 0
      00046A 00                    1181 	.db #0x00	; 0
      00046B 00                    1182 	.db #0x00	; 0
      00046C 00                    1183 	.db #0x00	; 0
      00046D 00                    1184 	.db #0x00	; 0
      00046E 00                    1185 	.db #0x00	; 0
      00046F 00                    1186 	.db #0x00	; 0
      000470 00                    1187 	.db #0x00	; 0
      000471 00                    1188 	.db #0x00	; 0
      000472 00                    1189 	.db #0x00	; 0
      000473 00                    1190 	.db #0x00	; 0
      000474 00                    1191 	.db #0x00	; 0
      000475 00                    1192 	.db #0x00	; 0
      000476 00                    1193 	.db #0x00	; 0
      000477 00                    1194 	.db #0x00	; 0
      000478 00                    1195 	.db #0x00	; 0
      000479 00                    1196 	.db #0x00	; 0
      00047A 00                    1197 	.db #0x00	; 0
      00047B 00                    1198 	.db #0x00	; 0
      00047C 00                    1199 	.db #0x00	; 0
      00047D 00                    1200 	.db #0x00	; 0
      00047E 00                    1201 	.db #0x00	; 0
      00047F 00                    1202 	.db #0x00	; 0
      000480 00                    1203 	.db #0x00	; 0
      000481 00                    1204 	.db #0x00	; 0
      000482 00                    1205 	.db #0x00	; 0
      000483 00                    1206 	.db #0x00	; 0
      000484 00                    1207 	.db #0x00	; 0
      000485 00                    1208 	.db #0x00	; 0
      000486 00                    1209 	.db #0x00	; 0
      000487 00                    1210 	.db #0x00	; 0
      000488 00                    1211 	.db #0x00	; 0
      000489 00                    1212 	.db #0x00	; 0
      00048A 00                    1213 	.db #0x00	; 0
      00048B 00                    1214 	.db #0x00	; 0
      00048C 00                    1215 	.db #0x00	; 0
      00048D 00                    1216 	.db #0x00	; 0
      00048E 00                    1217 	.db #0x00	; 0
      00048F 00                    1218 	.db #0x00	; 0
      000490 00                    1219 	.db #0x00	; 0
      000491 00                    1220 	.db #0x00	; 0
      000492 00                    1221 	.db #0x00	; 0
      000493 00                    1222 	.db #0x00	; 0
      000494 00                    1223 	.db #0x00	; 0
      000495 00                    1224 	.db #0x00	; 0
      000496 00                    1225 	.db #0x00	; 0
      000497 00                    1226 	.db #0x00	; 0
      000498 00                    1227 	.db #0x00	; 0
      000499 00                    1228 	.db #0x00	; 0
      00049A 00                    1229 	.db #0x00	; 0
      00049B 00                    1230 	.db #0x00	; 0
      00049C 00                    1231 	.db #0x00	; 0
      00049D 00                    1232 	.db #0x00	; 0
      00049E 00                    1233 	.db #0x00	; 0
      00049F 00                    1234 	.db #0x00	; 0
      0004A0 00                    1235 	.db #0x00	; 0
      0004A1 00                    1236 	.db #0x00	; 0
      0004A2 00                    1237 	.db #0x00	; 0
      0004A3 00                    1238 	.db #0x00	; 0
      0004A4 00                    1239 	.db #0x00	; 0
      0004A5 00                    1240 	.db #0x00	; 0
      0004A6 00                    1241 	.db #0x00	; 0
      0004A7 00                    1242 	.db #0x00	; 0
      0004A8 00                    1243 	.db #0x00	; 0
      0004A9 00                    1244 	.db #0x00	; 0
      0004AA 00                    1245 	.db #0x00	; 0
      0004AB 00                    1246 	.db #0x00	; 0
      0004AC 00                    1247 	.db #0x00	; 0
      0004AD 00                    1248 	.db #0x00	; 0
      0004AE 00                    1249 	.db #0x00	; 0
      0004AF 00                    1250 	.db #0x00	; 0
      0004B0 00                    1251 	.db #0x00	; 0
      0004B1 00                    1252 	.db #0x00	; 0
      0004B2 00                    1253 	.db #0x00	; 0
      0004B3 00                    1254 	.db #0x00	; 0
      0004B4 00                    1255 	.db #0x00	; 0
      0004B5 00                    1256 	.db #0x00	; 0
      0004B6 00                    1257 	.db #0x00	; 0
      0004B7 00                    1258 	.db #0x00	; 0
      0004B8 00                    1259 	.db #0x00	; 0
      0004B9 00                    1260 	.db #0x00	; 0
      0004BA 00                    1261 	.db #0x00	; 0
      0004BB 00                    1262 	.db #0x00	; 0
      0004BC 00                    1263 	.db #0x00	; 0
      0004BD 00                    1264 	.db #0x00	; 0
      0004BE 00                    1265 	.db #0x00	; 0
      0004BF 00                    1266 	.db #0x00	; 0
      0004C0 00                    1267 	.db #0x00	; 0
      0004C1 00                    1268 	.db #0x00	; 0
      0004C2 00                    1269 	.db #0x00	; 0
      0004C3 00                    1270 	.db #0x00	; 0
      0004C4 00                    1271 	.db #0x00	; 0
      0004C5 00                    1272 	.db #0x00	; 0
      0004C6 00                    1273 	.db #0x00	; 0
      0004C7 00                    1274 	.db #0x00	; 0
      0004C8 00                    1275 	.db #0x00	; 0
      0004C9 00                    1276 	.db #0x00	; 0
      0004CA 00                    1277 	.db #0x00	; 0
      0004CB 00                    1278 	.db #0x00	; 0
      0004CC 00                    1279 	.db #0x00	; 0
      0004CD 00                    1280 	.db #0x00	; 0
      0004CE 00                    1281 	.db #0x00	; 0
      0004CF 00                    1282 	.db #0x00	; 0
      0004D0 00                    1283 	.db #0x00	; 0
      0004D1 00                    1284 	.db #0x00	; 0
      0004D2 00                    1285 	.db #0x00	; 0
      0004D3 00                    1286 	.db #0x00	; 0
      0004D4 00                    1287 	.db #0x00	; 0
      0004D5 00                    1288 	.db #0x00	; 0
      0004D6 00                    1289 	.db #0x00	; 0
      0004D7 00                    1290 	.db #0x00	; 0
      0004D8 00                    1291 	.db #0x00	; 0
      0004D9 00                    1292 	.db #0x00	; 0
      0004DA 00                    1293 	.db #0x00	; 0
      0004DB 00                    1294 	.db #0x00	; 0
      0004DC 00                    1295 	.db #0x00	; 0
      0004DD 00                    1296 	.db #0x00	; 0
      0004DE 00                    1297 	.db #0x00	; 0
      0004DF 00                    1298 	.db #0x00	; 0
      0004E0 00                    1299 	.db #0x00	; 0
      0004E1 00                    1300 	.db #0x00	; 0
      0004E2 00                    1301 	.db #0x00	; 0
      0004E3 00                    1302 	.db #0x00	; 0
      0004E4 00                    1303 	.db #0x00	; 0
      0004E5 00                    1304 	.db #0x00	; 0
      0004E6 00                    1305 	.db #0x00	; 0
      0004E7 00                    1306 	.db #0x00	; 0
      0004E8 00                    1307 	.db #0x00	; 0
      0004E9 00                    1308 	.db #0x00	; 0
      0004EA 00                    1309 	.db #0x00	; 0
      0004EB 00                    1310 	.db #0x00	; 0
      0004EC 00                    1311 	.db #0x00	; 0
      0004ED 00                    1312 	.db #0x00	; 0
      0004EE 00                    1313 	.db #0x00	; 0
      0004EF 00                    1314 	.db #0x00	; 0
      0004F0 00                    1315 	.db #0x00	; 0
      0004F1 00                    1316 	.db #0x00	; 0
      0004F2 00                    1317 	.db #0x00	; 0
      0004F3 00                    1318 	.db #0x00	; 0
      0004F4 00                    1319 	.db #0x00	; 0
      0004F5 00                    1320 	.db #0x00	; 0
      0004F6 00                    1321 	.db #0x00	; 0
      0004F7 00                    1322 	.db #0x00	; 0
      0004F8 00                    1323 	.db #0x00	; 0
      0004F9 00                    1324 	.db #0x00	; 0
      0004FA 00                    1325 	.db #0x00	; 0
      0004FB 00                    1326 	.db #0x00	; 0
      0004FC 00                    1327 	.db #0x00	; 0
      0004FD 00                    1328 	.db #0x00	; 0
      0004FE 00                    1329 	.db #0x00	; 0
      0004FF 00                    1330 	.db #0x00	; 0
      000500 00                    1331 	.db #0x00	; 0
      000501 00                    1332 	.db #0x00	; 0
      000502 00                    1333 	.db #0x00	; 0
      000503 00                    1334 	.db #0x00	; 0
      000504 00                    1335 	.db #0x00	; 0
      000505 00                    1336 	.db #0x00	; 0
      000506 00                    1337 	.db #0x00	; 0
      000507 00                    1338 	.db #0x00	; 0
      000508 00                    1339 	.db #0x00	; 0
      000509 00                    1340 	.db #0x00	; 0
      00050A 00                    1341 	.db #0x00	; 0
      00050B 00                    1342 	.db #0x00	; 0
      00050C 00                    1343 	.db #0x00	; 0
      00050D 00                    1344 	.db #0x00	; 0
      00050E 00                    1345 	.db #0x00	; 0
      00050F 00                    1346 	.db #0x00	; 0
      000510 00                    1347 	.db #0x00	; 0
      000511 00                    1348 	.db #0x00	; 0
      000512 00                    1349 	.db #0x00	; 0
      000513 00                    1350 	.db #0x00	; 0
      000514 00                    1351 	.db #0x00	; 0
      000515 00                    1352 	.db #0x00	; 0
      000516 00                    1353 	.db #0x00	; 0
      000517 00                    1354 	.db #0x00	; 0
      000518 00                    1355 	.db #0x00	; 0
      000519 00                    1356 	.db #0x00	; 0
      00051A 00                    1357 	.db #0x00	; 0
      00051B 00                    1358 	.db #0x00	; 0
      00051C 00                    1359 	.db #0x00	; 0
      00051D 00                    1360 	.db #0x00	; 0
      00051E 00                    1361 	.db #0x00	; 0
      00051F 00                    1362 	.db #0x00	; 0
      000520 00                    1363 	.db #0x00	; 0
      000521 00                    1364 	.db #0x00	; 0
      000522 00                    1365 	.db #0x00	; 0
      000523 00                    1366 	.db #0x00	; 0
      000524 00                    1367 	.db #0x00	; 0
      000525 00                    1368 	.db #0x00	; 0
      000526 00                    1369 	.db #0x00	; 0
      000527 00                    1370 	.db #0x00	; 0
      000528 00                    1371 	.db #0x00	; 0
      000529 00                    1372 	.db #0x00	; 0
      00052A 00                    1373 	.db #0x00	; 0
      00052B 00                    1374 	.db #0x00	; 0
      00052C 00                    1375 	.db #0x00	; 0
      00052D 00                    1376 	.db #0x00	; 0
      00052E 00                    1377 	.db #0x00	; 0
      00052F 00                    1378 	.db #0x00	; 0
      000530 00                    1379 	.db #0x00	; 0
      000531 00                    1380 	.db #0x00	; 0
      000532 00                    1381 	.db #0x00	; 0
      000533 00                    1382 	.db #0x00	; 0
      000534 00                    1383 	.db #0x00	; 0
      000535 00                    1384 	.db #0x00	; 0
      000536 00                    1385 	.db #0x00	; 0
      000537 00                    1386 	.db #0x00	; 0
      000538 00                    1387 	.db #0x00	; 0
      000539 00                    1388 	.db #0x00	; 0
      00053A 00                    1389 	.db #0x00	; 0
      00053B 00                    1390 	.db #0x00	; 0
      00053C 00                    1391 	.db #0x00	; 0
      00053D 00                    1392 	.db #0x00	; 0
      00053E 00                    1393 	.db #0x00	; 0
      00053F 00                    1394 	.db #0x00	; 0
      000540 00                    1395 	.db #0x00	; 0
      000541 00                    1396 	.db #0x00	; 0
      000542 00                    1397 	.db #0x00	; 0
      000543 00                    1398 	.db #0x00	; 0
      000544 00                    1399 	.db #0x00	; 0
      000545 00                    1400 	.db #0x00	; 0
      000546 00                    1401 	.db #0x00	; 0
      000547 00                    1402 	.db #0x00	; 0
      000548 00                    1403 	.db #0x00	; 0
      000549 00                    1404 	.db #0x00	; 0
      00054A 00                    1405 	.db #0x00	; 0
      00054B 00                    1406 	.db #0x00	; 0
      00054C 00                    1407 	.db #0x00	; 0
      00054D 00                    1408 	.db #0x00	; 0
      00054E 00                    1409 	.db #0x00	; 0
      00054F 00                    1410 	.db #0x00	; 0
      000550 00                    1411 	.db #0x00	; 0
      000551 00                    1412 	.db #0x00	; 0
      000552 00                    1413 	.db #0x00	; 0
      000553 00                    1414 	.db #0x00	; 0
      000554 00                    1415 	.db #0x00	; 0
      000555 00                    1416 	.db #0x00	; 0
      000556 00                    1417 	.db #0x00	; 0
      000557 00                    1418 	.db #0x00	; 0
      000558 00                    1419 	.db #0x00	; 0
      000559 00                    1420 	.db #0x00	; 0
      00055A 00                    1421 	.db #0x00	; 0
      00055B 00                    1422 	.db #0x00	; 0
      00055C 00                    1423 	.db #0x00	; 0
      00055D 00                    1424 	.db #0x00	; 0
      00055E 00                    1425 	.db #0x00	; 0
      00055F 00                    1426 	.db #0x00	; 0
      000560 00                    1427 	.db #0x00	; 0
      000561 00                    1428 	.db #0x00	; 0
      000562 00                    1429 	.db #0x00	; 0
      000563 00                    1430 	.db #0x00	; 0
      000564 00                    1431 	.db #0x00	; 0
      000565 00                    1432 	.db #0x00	; 0
      000566 00                    1433 	.db #0x00	; 0
      000567 00                    1434 	.db #0x00	; 0
      000568 00                    1435 	.db #0x00	; 0
      000569 00                    1436 	.db #0x00	; 0
      00056A 00                    1437 	.db #0x00	; 0
      00056B 00                    1438 	.db #0x00	; 0
      00056C 00                    1439 	.db #0x00	; 0
      00056D 00                    1440 	.db #0x00	; 0
      00056E 00                    1441 	.db #0x00	; 0
      00056F 00                    1442 	.db #0x00	; 0
      000570 00                    1443 	.db #0x00	; 0
      000571 00                    1444 	.db #0x00	; 0
      000572 00                    1445 	.db #0x00	; 0
      000573 00                    1446 	.db #0x00	; 0
      000574 00                    1447 	.db #0x00	; 0
      000575 00                    1448 	.db #0x00	; 0
      000576 00                    1449 	.db #0x00	; 0
      000577 00                    1450 	.db #0x00	; 0
      000578 00                    1451 	.db #0x00	; 0
      000579 00                    1452 	.db #0x00	; 0
      00057A 00                    1453 	.db #0x00	; 0
      00057B 00                    1454 	.db #0x00	; 0
      00057C 00                    1455 	.db #0x00	; 0
      00057D 00                    1456 	.db #0x00	; 0
      00057E 00                    1457 	.db #0x00	; 0
      00057F 00                    1458 	.db #0x00	; 0
      000580 00                    1459 	.db #0x00	; 0
      000581 00                    1460 	.db #0x00	; 0
      000582 00                    1461 	.db #0x00	; 0
      000583 00                    1462 	.db #0x00	; 0
      000584 00                    1463 	.db #0x00	; 0
      000585 00                    1464 	.db #0x00	; 0
      000586 00                    1465 	.db #0x00	; 0
      000587 00                    1466 	.db #0x00	; 0
      000588 00                    1467 	.db #0x00	; 0
      000589 00                    1468 	.db #0x00	; 0
      00058A 00                    1469 	.db #0x00	; 0
      00058B 00                    1470 	.db #0x00	; 0
      00058C 00                    1471 	.db #0x00	; 0
      00058D 00                    1472 	.db #0x00	; 0
      00058E 00                    1473 	.db #0x00	; 0
      00058F 00                    1474 	.db #0x00	; 0
      000590 00                    1475 	.db #0x00	; 0
      000591 00                    1476 	.db #0x00	; 0
      000592 00                    1477 	.db #0x00	; 0
      000593 00                    1478 	.db #0x00	; 0
      000594 00                    1479 	.db #0x00	; 0
      000595 00                    1480 	.db #0x00	; 0
      000596 00                    1481 	.db #0x00	; 0
      000597 00                    1482 	.db #0x00	; 0
      000598 00                    1483 	.db #0x00	; 0
      000599 00                    1484 	.db #0x00	; 0
      00059A 00                    1485 	.db #0x00	; 0
      00059B 00                    1486 	.db #0x00	; 0
      00059C 00                    1487 	.db #0x00	; 0
      00059D 00                    1488 	.db #0x00	; 0
      00059E 00                    1489 	.db #0x00	; 0
      00059F 00                    1490 	.db #0x00	; 0
                                   1491 	.area _INITIALIZER
                                   1492 	.area _CABS (ABS)
